[   150.875] 
X.Org X Server 1.20.13
X Protocol Version 11, Revision 0
[   150.875] Build Operating System: linux Ubuntu
[   150.875] Current Operating System: Linux ip-172-31-24-137 5.15.0-1019-aws #23~20.04.1-Ubuntu SMP Thu Aug 18 03:20:14 UTC 2022 x86_64
[   150.875] Kernel command line: BOOT_IMAGE=/boot/vmlinuz-5.15.0-1019-aws root=PARTUUID=3fa6b62f-01 ro console=tty1 console=ttyS0 nvme_core.io_timeout=4294967295 panic=-1
[   150.875] Build Date: 06 July 2022  01:53:24PM
[   150.875] xorg-server 2:1.20.13-1ubuntu1~20.04.3 (For technical support please see http://www.ubuntu.com/support) 
[   150.875] Current version of pixman: 0.38.4
[   150.875] 	Before reporting problems, check http://wiki.x.org
	to make sure that you have the latest version.
[   150.875] Markers: (--) probed, (**) from config file, (==) default setting,
	(++) from command line, (!!) notice, (II) informational,
	(WW) warning, (EE) error, (NI) not implemented, (??) unknown.
[   150.875] (++) Log file: ".xorgxrdp.10.log", Time: Sun Sep 11 10:26:44 2022
[   150.876] (++) Using config file: "/etc/X11/xrdp/xorg.conf"
[   150.876] (==) Using system config directory "/usr/share/X11/xorg.conf.d"
[   150.876] (==) ServerLayout "X11 Server"
[   150.876] (**) |-->Screen "Screen (xrdpdev)" (0)
[   150.876] (**) |   |-->Monitor "Monitor"
[   150.877] (**) |   |-->Device "Video Card (xrdpdev)"
[   150.877] (**) |-->Input Device "xrdpMouse"
[   150.877] (**) |-->Input Device "xrdpKeyboard"
[   150.877] (**) Option "DontVTSwitch" "on"
[   150.877] (**) Option "AutoAddDevices" "off"
[   150.877] (**) Not automatically adding devices
[   150.877] (==) Automatically enabling devices
[   150.877] (==) Automatically adding GPU devices
[   150.877] (==) Automatically binding GPU devices
[   150.877] (==) Max clients allowed: 256, resource mask: 0x1fffff
[   150.877] (WW) The directory "/usr/share/fonts/X11/cyrillic" does not exist.
[   150.877] 	Entry deleted from font path.
[   150.877] (WW) The directory "/usr/share/fonts/X11/100dpi/" does not exist.
[   150.877] 	Entry deleted from font path.
[   150.877] (WW) The directory "/usr/share/fonts/X11/75dpi/" does not exist.
[   150.877] 	Entry deleted from font path.
[   150.877] (WW) The directory "/usr/share/fonts/X11/100dpi" does not exist.
[   150.877] 	Entry deleted from font path.
[   150.877] (WW) The directory "/usr/share/fonts/X11/75dpi" does not exist.
[   150.877] 	Entry deleted from font path.
[   150.877] (==) FontPath set to:
	/usr/share/fonts/X11/misc,
	/usr/share/fonts/X11/Type1,
	built-ins
[   150.877] (==) ModulePath set to "/usr/lib/xorg/modules"
[   150.877] (II) Loader magic: 0x56429c1f7020
[   150.877] (II) Module ABI versions:
[   150.877] 	X.Org ANSI C Emulation: 0.4
[   150.877] 	X.Org Video Driver: 24.1
[   150.877] 	X.Org XInput driver : 24.1
[   150.877] 	X.Org Server Extension : 10.0
[   150.879] (II) systemd-logind: took control of session /org/freedesktop/login1/session/c3
[   150.880] (--) PCI:*(0@0:3:0) 1d0f:1111:0000:0000 rev 0, Mem @ 0xfe400000/4194304, BIOS @ 0x????????/131072
[   150.880] (II) "glx" will be loaded. This was enabled by default and also specified in the config file.
[   150.880] (II) LoadModule: "dbe"
[   150.880] (II) Module "dbe" already built-in
[   150.880] (II) LoadModule: "ddc"
[   150.880] (II) Module "ddc" already built-in
[   150.880] (II) LoadModule: "extmod"
[   150.881] (II) Module "extmod" already built-in
[   150.881] (II) LoadModule: "glx"
[   150.881] (II) Loading /usr/lib/xorg/modules/extensions/libglx.so
[   150.881] (II) Module glx: vendor="X.Org Foundation"
[   150.881] 	compiled for 1.20.13, module version = 1.0.0
[   150.881] 	ABI class: X.Org Server Extension, version 10.0
[   150.881] (II) LoadModule: "int10"
[   150.882] (II) Loading /usr/lib/xorg/modules/libint10.so
[   150.882] (II) Module int10: vendor="X.Org Foundation"
[   150.882] 	compiled for 1.20.13, module version = 1.0.0
[   150.882] 	ABI class: X.Org Video Driver, version 24.1
[   150.882] (II) LoadModule: "record"
[   150.882] (II) Module "record" already built-in
[   150.882] (II) LoadModule: "vbe"
[   150.882] (II) Loading /usr/lib/xorg/modules/libvbe.so
[   150.882] (II) Module vbe: vendor="X.Org Foundation"
[   150.882] 	compiled for 1.20.13, module version = 1.1.0
[   150.882] 	ABI class: X.Org Video Driver, version 24.1
[   150.882] (II) LoadModule: "glamoregl"
[   150.882] (II) Loading /usr/lib/xorg/modules/libglamoregl.so
[   150.887] (II) Module glamoregl: vendor="X.Org Foundation"
[   150.887] 	compiled for 1.20.13, module version = 1.0.1
[   150.887] 	ABI class: X.Org ANSI C Emulation, version 0.4
[   150.887] (II) LoadModule: "xorgxrdp"
[   150.887] (II) Loading /usr/lib/xorg/modules/libxorgxrdp.so
[   150.889] (II) Module XORGXRDP: vendor="X.Org Foundation"
[   150.889] 	compiled for 1.20.6, module version = 0.2.12
[   150.889] 	ABI class: X.Org Video Driver, version 24.0
[   150.889] xorgxrdpSetup:
[   150.889] (II) LoadModule: "fb"
[   150.889] (II) Loading /usr/lib/xorg/modules/libfb.so
[   150.889] (II) Module fb: vendor="X.Org Foundation"
[   150.889] 	compiled for 1.20.13, module version = 1.0.0
[   150.889] 	ABI class: X.Org ANSI C Emulation, version 0.4
[   150.889] (II) LoadModule: "xrdpdev"
[   150.889] (II) Loading /usr/lib/xorg/modules/drivers/xrdpdev_drv.so
[   150.891] (II) Module XRDPDEV: vendor="X.Org Foundation"
[   150.891] 	compiled for 1.20.6, module version = 0.2.12
[   150.891] 	ABI class: X.Org Video Driver, version 24.0
[   150.891] xrdpdevSetup:
[   150.891] (II) LoadModule: "xrdpmouse"
[   150.891] (II) Loading /usr/lib/xorg/modules/input/xrdpmouse_drv.so
[   150.892] (II) Module XRDPMOUSE: vendor="X.Org Foundation"
[   150.892] 	compiled for 1.20.6, module version = 0.2.12
[   150.892] 	Module class: X.Org XInput Driver
[   150.892] 	ABI class: X.Org XInput driver, version 24.1
[   150.892] rdpmousePlug:
[   150.892] (II) LoadModule: "xrdpkeyb"
[   150.892] (II) Loading /usr/lib/xorg/modules/input/xrdpkeyb_drv.so
[   150.893] (II) Module XRDPKEYB: vendor="X.Org Foundation"
[   150.893] 	compiled for 1.20.6, module version = 0.2.12
[   150.893] 	Module class: X.Org XInput Driver
[   150.893] 	ABI class: X.Org XInput driver, version 24.1
[   150.893] rdpkeybPlug:
[   150.893] rdpIdentify:
[   150.893] (II) XRDPDEV: driver for xrdp: XRDPDEV
[   150.893] rdpDriverFunc: op 10
[   150.893] (WW) Falling back to old probe method for XRDPDEV
[   150.893] rdpProbe:
[   150.893] (II) Loading sub module "fb"
[   150.893] (II) LoadModule: "fb"
[   150.893] (II) Loading /usr/lib/xorg/modules/libfb.so
[   150.893] (II) Module fb: vendor="X.Org Foundation"
[   150.893] 	compiled for 1.20.13, module version = 1.0.0
[   150.893] 	ABI class: X.Org ANSI C Emulation, version 0.4
[   150.893] rdpProbe: found DRMDevice xorg.conf value [/dev/dri/renderD128]
[   150.893] rdpProbe: found DRI3 xorg.conf value [1]
[   150.893] (II) XRDPDEV(0): using default device
[   150.893] (WW) VGA arbiter: cannot open kernel arbiter, no multi-card support
[   150.893] rdpPreInit:
[   150.893] rdpPreInit: /dev/dri/renderD128 open failed
[   150.893] (**) XRDPDEV(0): Depth 24, (--) framebuffer bpp 32
[   150.893] (==) XRDPDEV(0): RGB weight 888
[   150.893] (==) XRDPDEV(0): Using gamma correction (1.0, 1.0, 1.0)
[   150.893] (==) XRDPDEV(0): Default visual is TrueColor
[   150.893] (==) XRDPDEV(0): DPI set to (96, 96)
[   150.893] (II) XRDPDEV(0): 	mode "640x480" ok
[   150.893] (II) XRDPDEV(0): 	mode "800x600" ok
[   150.893] (II) XRDPDEV(0): Virtual size is 800x600 (pitch 800)
[   150.893] (**) XRDPDEV(0):  Default mode "800x600": 36.0 MHz (scaled from 0.0 MHz), 35.2 kHz, 56.2 Hz
[   150.893] (II) XRDPDEV(0): Modeline "800x600"x0.0   36.00  800 824 896 1024  600 601 603 625 +hsync +vsync (35.2 kHz d)
[   150.893] rdpScreenInit: virtualX 800 virtualY 600 rgbBits 8 depth 24
[   150.893] rdpScreenInit: pfbMemory bytes 1920000
[   150.893] rdpScreenInit: pfbMemory 0x7f3bf7b2e010
[   150.893] rdpSimdInit: assigning yuv functions
[   150.893] rdpSimdInit: cpuid ax 1 cx 0 return ax 0x00050657 bx 0x02040800 cx 0xfffa3203 dx 0x1f8bfbff
[   150.893] rdpSimdInit: sse2 amd64 yuv functions assigned
[   150.893] (==) XRDPDEV(0): Backing store enabled
[   150.893] rdpClientConInit: disconnect idle session after [0] sec
[   150.893] rdpClientConInit: kill disconnected [0] timeout [0] sec
[   150.893] rdpXvInit: depth 24
[   150.894] rdpScreenInit: out
[   150.894] (II) Initializing extension Generic Event Extension
[   150.894] (II) Initializing extension SHAPE
[   150.894] (II) Initializing extension MIT-SHM
[   150.894] (II) Initializing extension XInputExtension
[   150.894] (II) Initializing extension XTEST
[   150.894] (II) Initializing extension BIG-REQUESTS
[   150.894] (II) Initializing extension SYNC
[   150.894] (II) Initializing extension XKEYBOARD
[   150.894] (II) Initializing extension XC-MISC
[   150.894] (II) Initializing extension SECURITY
[   150.894] (II) Initializing extension XFIXES
[   150.895] (II) Initializing extension RENDER
[   150.895] (II) Initializing extension RANDR
[   150.895] (II) Initializing extension COMPOSITE
[   150.895] (II) Initializing extension DAMAGE
[   150.895] (II) Initializing extension MIT-SCREEN-SAVER
[   150.895] (II) Initializing extension DOUBLE-BUFFER
[   150.895] (II) Initializing extension RECORD
[   150.895] (II) Initializing extension DPMS
[   150.895] (II) Initializing extension Present
[   150.895] (II) Initializing extension DRI3
[   150.895] (II) Initializing extension X-Resource
[   150.895] (II) Initializing extension XVideo
[   150.895] (II) Initializing extension XVideo-MotionCompensation
[   150.895] (II) Initializing extension SELinux
[   150.895] (II) SELinux: Disabled on system
[   150.895] (II) Initializing extension GLX
[   150.896] (II) AIGLX: Screen 0 is not DRI2 capable
[   150.919] (II) IGLX: Loaded and initialized swrast
[   150.919] (II) GLX: Initialized DRISWRAST GL provider for screen 0
[   150.919] (II) Initializing extension XFree86-VidModeExtension
[   150.920] (II) Initializing extension XFree86-DGA
[   150.920] (II) Initializing extension XFree86-DRI
[   150.920] (II) Initializing extension DRI2
[   150.920] rdpCreateScreenResources:
[   150.949] (II) Using input driver 'XRDPMOUSE' for 'xrdpMouse'
[   150.949] (**) Option "CorePointer"
[   150.949] (**) xrdpMouse: always reports core events
[   150.949] rdpmousePreInit: drv 0x56429dac3600 info 0x56429dc575a0, flags 0x0
[   150.949] (II) XINPUT: Adding extended input device "xrdpMouse" (type: Mouse, id 6)
[   150.949] rdpmouseControl: what 0
[   150.949] rdpmouseDeviceInit:
[   150.949] rdpmouseCtrl:
[   150.949] rdpRegisterInputCallback: type 1 proc 0x7f3bf9091430
[   150.949] (**) xrdpMouse: (accel) keeping acceleration scheme 1
[   150.949] (**) xrdpMouse: (accel) acceleration profile 0
[   150.949] (**) xrdpMouse: (accel) acceleration factor: 2.000
[   150.949] (**) xrdpMouse: (accel) acceleration threshold: 4
[   150.949] rdpmouseControl: what 1
[   150.949] rdpmouseDeviceOn:
[   150.949] (II) Using input driver 'XRDPKEYB' for 'xrdpKeyboard'
[   150.949] (**) Option "CoreKeyboard"
[   150.949] (**) xrdpKeyboard: always reports core events
[   150.949] rdpkeybPreInit: drv 0x56429dac1bf0 info 0x56429ddc7d30, flags 0x0
[   150.949] (II) XINPUT: Adding extended input device "xrdpKeyboard" (type: Keyboard, id 7)
[   150.949] rdpkeybControl: what 0
[   150.949] rdpkeybDeviceInit:
[   150.967] rdpkeybChangeKeyboardControl:
[   150.967] rdpkeybChangeKeyboardControl: autoRepeat on
[   150.967] rdpRegisterInputCallback: type 0 proc 0x7f3bf82108e0
[   150.967] rdpkeybControl: what 1
[   150.967] rdpkeybDeviceOn:
[   150.973] (II) config/udev: Adding input device Power Button (/dev/input/event0)
[   150.973] (II) AutoAddDevices is off - not adding device.
[   150.974] (II) config/udev: Adding input device Sleep Button (/dev/input/event1)
[   150.974] (II) AutoAddDevices is off - not adding device.
[   150.974] (II) config/udev: Adding input device AT Translated Set 2 keyboard (/dev/input/event2)
[   150.974] (II) AutoAddDevices is off - not adding device.
[   150.974] (II) config/udev: Adding input device ImPS/2 Generic Wheel Mouse (/dev/input/event3)
[   150.974] (II) AutoAddDevices is off - not adding device.
[   150.975] (II) config/udev: Adding input device ImPS/2 Generic Wheel Mouse (/dev/input/mouse0)
[   150.975] (II) AutoAddDevices is off - not adding device.
[   150.979] rdpDeferredRandR:
[   150.979] rdpResizeSession: width 1024 height 768
[   150.979]   calling RRScreenSizeSet
[   150.979] rdpRRScreenSetSize: width 1024 height 768 mmWidth 271 mmHeight 203
[   150.979] rdpRRGetInfo:
[   150.979]   screen resized to 1024x768
[   150.981]   RRScreenSizeSet ok 1
[   150.981] rdpResizeSession: width 1536 height 713
[   150.981]   calling RRScreenSizeSet
[   150.981] rdpRRScreenSetSize: width 1536 height 713 mmWidth 406 mmHeight 189
[   150.981] rdpRRGetInfo:
[   150.981]   screen resized to 1536x713
[   150.983]   RRScreenSizeSet ok 1
[   150.983] rdpClientConGotConnection:
[   150.983] rdpClientConGotConnection: g_sck_accept ok new_sck 7
[   150.983] rdpClientConGetConnection: idle_disconnect_timeout set to non-positive value, idle timer turned off
[   150.983] rdpAddClientConToDev: adding first clientCon 0x56429de034a0
[   150.983] rdpClientConProcessMsgVersion: version 0 0 0 1
[   150.983] rdpClientConProcessScreenSizeMsg: set width 1536 height 713 bpp 16
[   150.984] rdpClientConProcessScreenSizeMsg: shmemid 10 shmemptr 0x7f3bef556000
[   150.984] rdpClientConProcessMsgClientInput: invalidate x 0 y 0 cx 1536 cy 713
[   151.067] rdpInDeferredRepeatCallback:
[   151.067] rdpkeybChangeKeyboardControl:
[   151.067] rdpkeybChangeKeyboardControl: autoRepeat off
[   151.151] rdpClientConProcessMsgClientInfo:
[   151.151]   got client info bytes 5752
[   151.151]   jpeg support 0
[   151.151]   offscreen support 0
[   151.151]   offscreen size 0
[   151.151]   offscreen entries 0
[   151.151]   client supports glyph cache but server disabled
[   151.151]   client can not do offscreen to offscreen blits
[   151.151]   client can do new(color) cursor
[   151.151]   client can not do multimon
[   151.151] rdpRRSetRdpOutputs: numCrtcs 0 numOutputs 0 monitorCount 0
[   151.151] rdpRRSetRdpOutputs: add output 0 left 0 top 0 width 1536 height 713
[   151.151] rdpLoadLayout: keylayout 0x00000409 variant  display 10
[   151.152] rdpkeybChangeKeyboardControl:
[   151.152] rdpkeybChangeKeyboardControl: autoRepeat on
[   151.152] rdpkeybChangeKeyboardControl:
[   151.152] rdpkeybChangeKeyboardControl: autoRepeat on
[   151.252] rdpInDeferredRepeatCallback:
[   151.252] rdpkeybChangeKeyboardControl:
[   151.252] rdpkeybChangeKeyboardControl: autoRepeat off
[   151.252] rdpInDeferredRepeatCallback:
[   151.252] rdpkeybChangeKeyboardControl:
[   151.252] rdpkeybChangeKeyboardControl: autoRepeat off
[   151.842] rdpRRGetInfo:
[   151.855] rdpkeybChangeKeyboardControl:
[   151.855] rdpkeybChangeKeyboardControl: autoRepeat on
[   151.855] rdpkeybChangeKeyboardControl:
[   151.855] rdpkeybChangeKeyboardControl: autoRepeat on
[   151.856] rdpkeybChangeKeyboardControl:
[   151.856] rdpkeybChangeKeyboardControl: autoRepeat on
[   151.856] rdpkeybChangeKeyboardControl:
[   151.856] rdpkeybChangeKeyboardControl: autoRepeat on
[   151.859] rdpkeybChangeKeyboardControl:
[   151.859] rdpkeybChangeKeyboardControl: autoRepeat on
[   151.859] rdpkeybChangeKeyboardControl:
[   151.859] rdpkeybChangeKeyboardControl: autoRepeat on
[   151.955] rdpInDeferredRepeatCallback:
[   151.955] rdpkeybChangeKeyboardControl:
[   151.955] rdpkeybChangeKeyboardControl: autoRepeat off
[   151.955] rdpInDeferredRepeatCallback:
[   151.955] rdpkeybChangeKeyboardControl:
[   151.955] rdpkeybChangeKeyboardControl: autoRepeat off
[   151.956] rdpInDeferredRepeatCallback:
[   151.956] rdpkeybChangeKeyboardControl:
[   151.956] rdpkeybChangeKeyboardControl: autoRepeat off
[   151.956] rdpInDeferredRepeatCallback:
[   151.956] rdpkeybChangeKeyboardControl:
[   151.956] rdpkeybChangeKeyboardControl: autoRepeat off
[   151.960] rdpInDeferredRepeatCallback:
[   151.960] rdpkeybChangeKeyboardControl:
[   151.960] rdpkeybChangeKeyboardControl: autoRepeat off
[   151.960] rdpInDeferredRepeatCallback:
[   151.960] rdpkeybChangeKeyboardControl:
[   151.960] rdpkeybChangeKeyboardControl: autoRepeat off
[   152.428] rdpRRGetInfo:
[   265.513] rdpkeybBell:
[   265.513] rdpkeybBell:
[   265.619] rdpkeybBell:
[   265.619] rdpkeybBell:
[   265.773] rdpkeybBell:
[   265.773] rdpkeybBell:
[   412.116] rdpkeybBell:
[   412.116] rdpkeybBell:
[   910.338] rdpkeybBell:
[   910.338] rdpkeybBell:
[   910.500] rdpkeybBell:
[   910.500] rdpkeybBell:
[   910.619] rdpkeybBell:
[   910.619] rdpkeybBell:
[   910.872] rdpkeybBell:
[   910.872] rdpkeybBell:
[   910.977] rdpkeybBell:
[   910.978] rdpkeybBell:
[   911.115] rdpkeybBell:
[   911.115] rdpkeybBell:
[   911.258] rdpkeybBell:
[   911.259] rdpkeybBell:
[   911.392] rdpkeybBell:
[   911.392] rdpkeybBell:
[   911.538] rdpkeybBell:
[   911.538] rdpkeybBell:
[   911.656] rdpkeybBell:
[   911.656] rdpkeybBell:
[   911.778] rdpkeybBell:
[   911.778] rdpkeybBell:
[   912.065] rdpkeybBell:
[   912.065] rdpkeybBell:
[   912.186] rdpkeybBell:
[   912.186] rdpkeybBell:
[  1005.251] rdpkeybBell:
[  1005.251] rdpkeybBell:
[  1099.949] rdpkeybBell:
[  1099.949] rdpkeybBell:
[  1100.050] rdpkeybBell:
[  1100.050] rdpkeybBell:
[  1100.250] rdpkeybBell:
[  1100.250] rdpkeybBell:
[  1100.376] rdpkeybBell:
[  1100.376] rdpkeybBell:
[  1100.499] rdpkeybBell:
[  1100.499] rdpkeybBell:
[  1100.632] rdpkeybBell:
[  1100.632] rdpkeybBell:
[  1100.738] rdpkeybBell:
[  1100.738] rdpkeybBell:
[  1100.859] rdpkeybBell:
[  1100.859] rdpkeybBell:
[  1101.018] rdpkeybBell:
[  1101.018] rdpkeybBell:
[  1103.672] rdpkeybBell:
[  1103.672] rdpkeybBell:
[  1104.264] rdpkeybBell:
[  1104.264] rdpkeybBell:
[  1104.824] rdpkeybBell:
[  1104.824] rdpkeybBell:
[  1106.832] rdpkeybBell:
[  1106.832] rdpkeybBell:
[  1131.056] rdpkeybBell:
[  1131.056] rdpkeybBell:
[  1131.179] rdpkeybBell:
[  1131.179] rdpkeybBell:
[  1131.411] rdpkeybBell:
[  1131.411] rdpkeybBell:
[  1131.512] rdpkeybBell:
[  1131.512] rdpkeybBell:
[  1131.618] rdpkeybBell:
[  1131.618] rdpkeybBell:
[  1131.792] rdpkeybBell:
[  1131.792] rdpkeybBell:
[  1131.912] rdpkeybBell:
[  1131.912] rdpkeybBell:
[  1132.018] rdpkeybBell:
[  1132.018] rdpkeybBell:
[  1132.545] rdpkeybBell:
[  1132.545] rdpkeybBell:
[  1132.931] rdpkeybBell:
[  1132.931] rdpkeybBell:
[  1133.105] rdpkeybBell:
[  1133.105] rdpkeybBell:
[  1133.355] rdpkeybBell:
[  1133.355] rdpkeybBell:
[  1133.944] rdpkeybBell:
[  1133.944] rdpkeybBell:
[  1134.290] rdpkeybBell:
[  1134.290] rdpkeybBell:
[  1134.691] rdpkeybBell:
[  1134.691] rdpkeybBell:
[  1135.584] rdpkeybBell:
[  1135.584] rdpkeybBell:
[  1135.994] rdpkeybBell:
[  1135.994] rdpkeybBell:
[  1137.330] rdpkeybBell:
[  1137.330] rdpkeybBell:
[  1139.384] rdpkeybBell:
[  1139.384] rdpkeybBell:
[  1301.107] rdpkeybBell:
[  1301.107] rdpkeybBell:
[  1301.259] rdpkeybBell:
[  1301.259] rdpkeybBell:
[  1301.370] rdpkeybBell:
[  1301.370] rdpkeybBell:
[  1301.512] rdpkeybBell:
[  1301.512] rdpkeybBell:
[  1301.658] rdpkeybBell:
[  1301.658] rdpkeybBell:
[  1576.338] rdpkeybBell:
[  1576.338] rdpkeybBell:
[  1576.810] rdpkeybBell:
[  1576.810] rdpkeybBell:
[  1576.940] rdpkeybBell:
[  1576.940] rdpkeybBell:
[  1577.093] rdpkeybBell:
[  1577.093] rdpkeybBell:
[  1577.218] rdpkeybBell:
[  1577.218] rdpkeybBell:
[  1577.370] rdpkeybBell:
[  1577.370] rdpkeybBell:
[  1577.471] rdpkeybBell:
[  1577.472] rdpkeybBell:
[  1577.618] rdpkeybBell:
[  1577.618] rdpkeybBell:
[  1715.984] rdpkeybBell:
[  1715.984] rdpkeybBell:
[  1716.187] rdpkeybBell:
[  1716.187] rdpkeybBell:
[  1716.298] rdpkeybBell:
[  1716.298] rdpkeybBell:
[  1716.473] rdpkeybBell:
[  1716.473] rdpkeybBell:
